<?xml version="1.0" encoding="UTF-8"?>
<testng-results ignored="0" total="1" passed="1" failed="0" skipped="0">
  <reporter-output>
  </reporter-output>
  <suite started-at="2024-01-05T09:42:53 IST" name="Default suite" finished-at="2024-01-05T09:43:10 IST" duration-ms="16741">
    <groups>
    </groups>
    <test started-at="2024-01-05T09:42:53 IST" name="Default test" finished-at="2024-01-05T09:43:10 IST" duration-ms="16741">
      <class name="demoautomation.RunnerClass">
        <test-method is-config="true" signature="setUpBrowser()[pri:0, instance:demoautomation.RunnerClass@78e4deb0]" started-at="2024-01-05T09:42:53 IST" name="setUpBrowser" finished-at="2024-01-05T09:43:04 IST" duration-ms="10878" status="PASS">
          <reporter-output>
          </reporter-output>
        </test-method> <!-- setUpBrowser -->
        <test-method signature="execution()[pri:0, instance:demoautomation.RunnerClass@78e4deb0]" started-at="2024-01-05T09:43:04 IST" name="execution" finished-at="2024-01-05T09:43:10 IST" duration-ms="5765" status="PASS">
          <reporter-output>
          </reporter-output>
        </test-method> <!-- execution -->
      </class> <!-- demoautomation.RunnerClass -->
    </test> <!-- Default test -->
  </suite> <!-- Default suite -->
</testng-results>
